2023-12-10 23:40:23 | INFO | Запуск клиента на адресе ws://localhost:8000
2023-12-10 23:40:23 | INFO | Запуск клиента на адресе ws://localhost:8000
2023-12-10 23:40:33 | INFO | Устройство получил запрос статуса
2023-12-10 23:40:33 | INFO | Устройство получил запрос статуса
2023-12-10 23:40:33 | INFO | Устройство отдает  статус 0x02 149
2023-12-10 23:40:33 | INFO | Устройство отдает  статус 0x02 149
2023-12-10 23:40:33 | INFO | Получены данные для web - "{\"id\":1,\"task_name\":\"for_web\",\"status\":\"0x02 148\",\"state\":\"on\",\"created_at\":\"2023-12-10T02:18:09.292594\",\"updated_at\":\"2023-12-10T23:34:07.921167\"}"
2023-12-10 23:40:33 | INFO | Получены данные для web - "{\"id\":1,\"task_name\":\"for_web\",\"status\":\"0x02 148\",\"state\":\"on\",\"created_at\":\"2023-12-10T02:18:09.292594\",\"updated_at\":\"2023-12-10T23:34:07.921167\"}"
2023-12-10 23:40:33 | INFO | Прошло 10сек, отправляю в main сервис данные - "{\"sender_name\":\"layer\",\"task_name\":\"device_status_timeout10\",\"device_name\":\"divice_1\",\"response_code\":\"0x02 149\"}"
2023-12-10 23:40:33 | INFO | Прошло 10сек, отправляю в main сервис данные - "{\"sender_name\":\"layer\",\"task_name\":\"device_status_timeout10\",\"device_name\":\"divice_1\",\"response_code\":\"0x02 149\"}"
2023-12-10 23:40:43 | INFO | Устройство получил запрос статуса
2023-12-10 23:40:43 | INFO | Устройство получил запрос статуса
2023-12-10 23:40:43 | INFO | Устройство отдает  статус 0x02 253
2023-12-10 23:40:43 | INFO | Устройство отдает  статус 0x02 253
2023-12-10 23:40:43 | INFO | Получены данные для web - "{\"id\":1,\"task_name\":\"for_web\",\"status\":\"0x02 149\",\"state\":\"on\",\"created_at\":\"2023-12-10T02:18:09.292594\",\"updated_at\":\"2023-12-10T23:40:33.556306\"}"
2023-12-10 23:40:43 | INFO | Получены данные для web - "{\"id\":1,\"task_name\":\"for_web\",\"status\":\"0x02 149\",\"state\":\"on\",\"created_at\":\"2023-12-10T02:18:09.292594\",\"updated_at\":\"2023-12-10T23:40:33.556306\"}"
2023-12-10 23:40:43 | INFO | Прошло 10сек, отправляю в main сервис данные - "{\"sender_name\":\"layer\",\"task_name\":\"device_status_timeout10\",\"device_name\":\"divice_1\",\"response_code\":\"0x02 253\"}"
2023-12-10 23:40:43 | INFO | Прошло 10сек, отправляю в main сервис данные - "{\"sender_name\":\"layer\",\"task_name\":\"device_status_timeout10\",\"device_name\":\"divice_1\",\"response_code\":\"0x02 253\"}"
2023-12-10 23:40:47 | INFO | Получена новая задача для эмулятора {'task_name': '0x03'}
2023-12-10 23:40:47 | INFO | Получена новая задача для эмулятора {'task_name': '0x03'}
2023-12-10 23:40:47 | INFO | Появилась задача для эмулятора, передаю 0x03
2023-12-10 23:40:47 | INFO | Появилась задача для эмулятора, передаю 0x03
2023-12-10 23:40:49 | INFO | Получена новая задача для эмулятора {'task_name': '0x02'}
2023-12-10 23:40:49 | INFO | Получена новая задача для эмулятора {'task_name': '0x02'}
2023-12-10 23:40:51 | INFO | Получена новая задача для эмулятора {'task_name': '0x01'}
2023-12-10 23:40:51 | INFO | Получена новая задача для эмулятора {'task_name': '0x01'}
2023-12-10 23:40:52 | INFO | Запись команды в input - 0x03
2023-12-10 23:40:52 | INFO | Запись команды в input - 0x03
2023-12-10 23:40:52 | INFO | Получен код ответа output - 0x00
2023-12-10 23:40:52 | INFO | Получен код ответа output - 0x00
2023-12-10 23:40:52 | INFO | Получены внештатный запрос состояния эмулятора
2023-12-10 23:40:52 | INFO | Получены внештатный запрос состояния эмулятора
2023-12-10 23:40:54 | INFO | Устройство получил запрос статуса
2023-12-10 23:40:54 | INFO | Устройство получил запрос статуса
2023-12-10 23:40:54 | INFO | Устройство отдает  статус 0x02 190
2023-12-10 23:40:54 | INFO | Устройство отдает  статус 0x02 190
2023-12-10 23:40:54 | INFO | Получен код ответа output - 0x02 112
2023-12-10 23:40:54 | INFO | Получен код ответа output - 0x02 112
2023-12-10 23:40:54 | INFO | Получены ответ "{\"sender_name\":\"layer\",\"task_name\":\"device_status_timeout10\",\"device_name\":\"divice_1\",\"response_code\":\"0x02 112\"}" на внештатный запрос состояния эмулятора
2023-12-10 23:40:54 | INFO | Получены ответ "{\"sender_name\":\"layer\",\"task_name\":\"device_status_timeout10\",\"device_name\":\"divice_1\",\"response_code\":\"0x02 112\"}" на внештатный запрос состояния эмулятора
2023-12-10 23:40:54 | INFO | Устройство получил запрос статуса
2023-12-10 23:40:54 | INFO | Устройство получил запрос статуса
2023-12-10 23:40:54 | INFO | Устройство отдает  статус 0x02 193
2023-12-10 23:40:54 | INFO | Устройство отдает  статус 0x02 193
2023-12-10 23:40:54 | ERROR | Ошибка получения данный в валидаторе ORM.convert_device_data_to_dto()
2023-12-10 23:40:54 | ERROR | Ошибка получения данный в валидаторе ORM.convert_device_data_to_dto()
2023-12-10 23:40:54 | INFO | Прошло 10сек, отправляю в main сервис данные - "{\"sender_name\":\"layer\",\"task_name\":\"device_status_timeout10\",\"device_name\":\"divice_1\",\"response_code\":\"0x02 193\"}"
2023-12-10 23:40:54 | INFO | Прошло 10сек, отправляю в main сервис данные - "{\"sender_name\":\"layer\",\"task_name\":\"device_status_timeout10\",\"device_name\":\"divice_1\",\"response_code\":\"0x02 193\"}"
2023-12-10 23:40:54 | INFO | Появилась задача для эмулятора, передаю 0x02
2023-12-10 23:40:54 | INFO | Появилась задача для эмулятора, передаю 0x02
2023-12-10 23:42:09 | INFO | Запуск клиента на адресе ws://localhost:8000
2023-12-10 23:42:09 | INFO | Запуск клиента на адресе ws://localhost:8000
2023-12-10 23:42:19 | INFO | Устройство получил запрос статуса
2023-12-10 23:42:19 | INFO | Устройство получил запрос статуса
2023-12-10 23:42:19 | INFO | Устройство отдает  статус 0x02 182
2023-12-10 23:42:19 | INFO | Устройство отдает  статус 0x02 182
2023-12-10 23:42:19 | ERROR | Ошибка получения данный в валидаторе ORM.convert_device_data_to_dto()
2023-12-10 23:42:19 | ERROR | Ошибка получения данный в валидаторе ORM.convert_device_data_to_dto()
2023-12-10 23:42:19 | INFO | Прошло 10сек, отправляю в main сервис данные - "{\"sender_name\":\"layer\",\"task_name\":\"device_status_timeout10\",\"device_name\":\"divice_1\",\"response_code\":\"0x02 182\"}"
2023-12-10 23:42:19 | INFO | Прошло 10сек, отправляю в main сервис данные - "{\"sender_name\":\"layer\",\"task_name\":\"device_status_timeout10\",\"device_name\":\"divice_1\",\"response_code\":\"0x02 182\"}"
2023-12-10 23:42:29 | INFO | Устройство получил запрос статуса
2023-12-10 23:42:29 | INFO | Устройство получил запрос статуса
2023-12-10 23:42:29 | INFO | Устройство отдает  статус 0x02 108
2023-12-10 23:42:29 | INFO | Устройство отдает  статус 0x02 108
2023-12-10 23:42:29 | INFO | Получены данные для web - "{\"id\":1,\"task_name\":\"for_web\",\"status\":\"0x02 182\",\"state\":\"unknown\",\"created_at\":\"2023-12-10T23:42:19.080277\",\"updated_at\":\"2023-12-10T23:42:19.080289\"}"
2023-12-10 23:42:29 | INFO | Получены данные для web - "{\"id\":1,\"task_name\":\"for_web\",\"status\":\"0x02 182\",\"state\":\"unknown\",\"created_at\":\"2023-12-10T23:42:19.080277\",\"updated_at\":\"2023-12-10T23:42:19.080289\"}"
2023-12-10 23:42:29 | INFO | Прошло 10сек, отправляю в main сервис данные - "{\"sender_name\":\"layer\",\"task_name\":\"device_status_timeout10\",\"device_name\":\"divice_1\",\"response_code\":\"0x02 108\"}"
2023-12-10 23:42:29 | INFO | Прошло 10сек, отправляю в main сервис данные - "{\"sender_name\":\"layer\",\"task_name\":\"device_status_timeout10\",\"device_name\":\"divice_1\",\"response_code\":\"0x02 108\"}"
2023-12-10 23:42:39 | INFO | Устройство получил запрос статуса
2023-12-10 23:42:39 | INFO | Устройство получил запрос статуса
2023-12-10 23:42:39 | INFO | Устройство отдает  статус 0x02 145
2023-12-10 23:42:39 | INFO | Устройство отдает  статус 0x02 145
2023-12-10 23:42:39 | INFO | Получены данные для web - "{\"id\":1,\"task_name\":\"for_web\",\"status\":\"0x02 108\",\"state\":\"unknown\",\"created_at\":\"2023-12-10T23:42:19.080277\",\"updated_at\":\"2023-12-10T23:42:29.080942\"}"
2023-12-10 23:42:39 | INFO | Получены данные для web - "{\"id\":1,\"task_name\":\"for_web\",\"status\":\"0x02 108\",\"state\":\"unknown\",\"created_at\":\"2023-12-10T23:42:19.080277\",\"updated_at\":\"2023-12-10T23:42:29.080942\"}"
2023-12-10 23:42:39 | INFO | Прошло 10сек, отправляю в main сервис данные - "{\"sender_name\":\"layer\",\"task_name\":\"device_status_timeout10\",\"device_name\":\"divice_1\",\"response_code\":\"0x02 145\"}"
2023-12-10 23:42:39 | INFO | Прошло 10сек, отправляю в main сервис данные - "{\"sender_name\":\"layer\",\"task_name\":\"device_status_timeout10\",\"device_name\":\"divice_1\",\"response_code\":\"0x02 145\"}"
2023-12-10 23:43:18 | INFO | Запуск клиента на адресе ws://localhost:8000
2023-12-10 23:43:18 | INFO | Запуск клиента на адресе ws://localhost:8000
2023-12-10 23:49:38 | INFO | Запуск клиента на адресе ws://localhost:8000
2023-12-10 23:49:38 | INFO | Запуск клиента на адресе ws://localhost:8000
2023-12-10 23:49:48 | INFO | Устройство получил запрос статуса
2023-12-10 23:49:48 | INFO | Устройство получил запрос статуса
2023-12-10 23:49:48 | INFO | Устройство отдает  статус 0x02 206
2023-12-10 23:49:48 | INFO | Устройство отдает  статус 0x02 206
2023-12-10 23:49:48 | INFO | Получены данные для web - "{\"id\":1,\"task_name\":\"for_web\",\"status\":\"0x02 145\",\"state\":\"unknown\",\"created_at\":\"2023-12-10T23:42:19.080277\",\"updated_at\":\"2023-12-10T23:42:39.081637\"}"
2023-12-10 23:49:48 | INFO | Получены данные для web - "{\"id\":1,\"task_name\":\"for_web\",\"status\":\"0x02 145\",\"state\":\"unknown\",\"created_at\":\"2023-12-10T23:42:19.080277\",\"updated_at\":\"2023-12-10T23:42:39.081637\"}"
2023-12-10 23:49:48 | INFO | Прошло 10сек, отправляю в main сервис данные - "{\"sender_name\":\"layer\",\"task_name\":\"device_status_timeout10\",\"device_name\":\"divice_1\",\"response_code\":\"0x02 206\"}"
2023-12-10 23:49:48 | INFO | Прошло 10сек, отправляю в main сервис данные - "{\"sender_name\":\"layer\",\"task_name\":\"device_status_timeout10\",\"device_name\":\"divice_1\",\"response_code\":\"0x02 206\"}"
2023-12-11 00:25:51 | INFO | Запуск клиента на адресе ws://localhost:8000
2023-12-11 00:25:51 | INFO | Запуск клиента на адресе ws://localhost:8000
2023-12-11 00:26:07 | INFO | Запуск клиента на адресе ws://localhost:8000
2023-12-11 00:26:07 | INFO | Запуск клиента на адресе ws://localhost:8000
2023-12-11 00:26:17 | INFO | Устройство получил запрос статуса
2023-12-11 00:26:17 | INFO | Устройство получил запрос статуса
2023-12-11 00:26:17 | INFO | Устройство отдает  статус 0x02 151
2023-12-11 00:26:17 | INFO | Устройство отдает  статус 0x02 151
2023-12-11 00:26:17 | INFO | Получены данные для web - "{\"id\":1,\"task_name\":\"for_web\",\"status\":\"0x02 206\",\"state\":\"unknown\",\"created_at\":\"2023-12-10T23:42:19.080277\",\"updated_at\":\"2023-12-10T23:49:48.447391\"}"
2023-12-11 00:26:17 | INFO | Получены данные для web - "{\"id\":1,\"task_name\":\"for_web\",\"status\":\"0x02 206\",\"state\":\"unknown\",\"created_at\":\"2023-12-10T23:42:19.080277\",\"updated_at\":\"2023-12-10T23:49:48.447391\"}"
2023-12-11 00:26:17 | INFO | Прошло 10сек, отправляю в main сервис данные - "{\"sender_name\":\"layer\",\"task_name\":\"device_status_timeout10\",\"device_name\":\"divice_1\",\"response_code\":\"0x02 151\"}"
2023-12-11 00:26:17 | INFO | Прошло 10сек, отправляю в main сервис данные - "{\"sender_name\":\"layer\",\"task_name\":\"device_status_timeout10\",\"device_name\":\"divice_1\",\"response_code\":\"0x02 151\"}"
2023-12-11 00:26:27 | INFO | Устройство получил запрос статуса
2023-12-11 00:26:27 | INFO | Устройство получил запрос статуса
2023-12-11 00:26:27 | INFO | Устройство отдает  статус 0x02 49
2023-12-11 00:26:27 | INFO | Устройство отдает  статус 0x02 49
2023-12-11 00:26:27 | INFO | Получены данные для web - "{\"id\":1,\"task_name\":\"for_web\",\"status\":\"0x02 151\",\"state\":\"unknown\",\"created_at\":\"2023-12-10T23:42:19.080277\",\"updated_at\":\"2023-12-11T00:26:17.637581\"}"
2023-12-11 00:26:27 | INFO | Получены данные для web - "{\"id\":1,\"task_name\":\"for_web\",\"status\":\"0x02 151\",\"state\":\"unknown\",\"created_at\":\"2023-12-10T23:42:19.080277\",\"updated_at\":\"2023-12-11T00:26:17.637581\"}"
2023-12-11 00:26:27 | INFO | Прошло 10сек, отправляю в main сервис данные - "{\"sender_name\":\"layer\",\"task_name\":\"device_status_timeout10\",\"device_name\":\"divice_1\",\"response_code\":\"0x02 49\"}"
2023-12-11 00:26:27 | INFO | Прошло 10сек, отправляю в main сервис данные - "{\"sender_name\":\"layer\",\"task_name\":\"device_status_timeout10\",\"device_name\":\"divice_1\",\"response_code\":\"0x02 49\"}"
2023-12-11 00:26:37 | INFO | Устройство получил запрос статуса
2023-12-11 00:26:37 | INFO | Устройство получил запрос статуса
2023-12-11 00:26:37 | INFO | Устройство отдает  статус 0x02 167
2023-12-11 00:26:37 | INFO | Устройство отдает  статус 0x02 167
2023-12-11 00:26:37 | INFO | Получены данные для web - "{\"id\":1,\"task_name\":\"for_web\",\"status\":\"0x02 49\",\"state\":\"unknown\",\"created_at\":\"2023-12-10T23:42:19.080277\",\"updated_at\":\"2023-12-11T00:26:27.639457\"}"
2023-12-11 00:26:37 | INFO | Получены данные для web - "{\"id\":1,\"task_name\":\"for_web\",\"status\":\"0x02 49\",\"state\":\"unknown\",\"created_at\":\"2023-12-10T23:42:19.080277\",\"updated_at\":\"2023-12-11T00:26:27.639457\"}"
2023-12-11 00:26:37 | INFO | Прошло 10сек, отправляю в main сервис данные - "{\"sender_name\":\"layer\",\"task_name\":\"device_status_timeout10\",\"device_name\":\"divice_1\",\"response_code\":\"0x02 167\"}"
2023-12-11 00:26:37 | INFO | Прошло 10сек, отправляю в main сервис данные - "{\"sender_name\":\"layer\",\"task_name\":\"device_status_timeout10\",\"device_name\":\"divice_1\",\"response_code\":\"0x02 167\"}"
2023-12-11 00:26:38 | INFO | Получена новая задача для эмулятора {'task_name': '0x01'}
2023-12-11 00:26:38 | INFO | Получена новая задача для эмулятора {'task_name': '0x01'}
2023-12-11 00:26:38 | INFO | Появилась задача для эмулятора, передаю 0x01
2023-12-11 00:26:38 | INFO | Появилась задача для эмулятора, передаю 0x01
2023-12-11 00:26:43 | INFO | Запись команды в input - 0x01
2023-12-11 00:26:43 | INFO | Запись команды в input - 0x01
2023-12-11 00:26:43 | INFO | Получен код ответа output - 0x02 112
2023-12-11 00:26:43 | INFO | Получен код ответа output - 0x02 112
2023-12-11 00:26:43 | INFO | Ответ эмулятора, перенаправляю 0x02 112
2023-12-11 00:26:43 | INFO | Ответ эмулятора, перенаправляю 0x02 112
2023-12-11 00:26:47 | INFO | Устройство получил запрос статуса
2023-12-11 00:26:47 | INFO | Устройство получил запрос статуса
2023-12-11 00:26:47 | INFO | Устройство отдает  статус 0x02 218
2023-12-11 00:26:47 | INFO | Устройство отдает  статус 0x02 218
2023-12-11 00:26:47 | ERROR | Ошибка получения данный в валидаторе ORM.convert_device_data_to_dto()
2023-12-11 00:26:47 | ERROR | Ошибка получения данный в валидаторе ORM.convert_device_data_to_dto()
2023-12-11 00:26:47 | INFO | Прошло 10сек, отправляю в main сервис данные - "{\"sender_name\":\"layer\",\"task_name\":\"device_status_timeout10\",\"device_name\":\"divice_1\",\"response_code\":\"0x02 218\"}"
2023-12-11 00:26:47 | INFO | Прошло 10сек, отправляю в main сервис данные - "{\"sender_name\":\"layer\",\"task_name\":\"device_status_timeout10\",\"device_name\":\"divice_1\",\"response_code\":\"0x02 218\"}"
2023-12-11 00:26:49 | INFO | Получена новая задача для эмулятора {'task_name': '0x02'}
2023-12-11 00:26:49 | INFO | Получена новая задача для эмулятора {'task_name': '0x02'}
2023-12-11 00:26:49 | INFO | Появилась задача для эмулятора, передаю 0x02
2023-12-11 00:26:49 | INFO | Появилась задача для эмулятора, передаю 0x02
2023-12-11 00:26:54 | INFO | Запись команды в input - 0x02
2023-12-11 00:26:54 | INFO | Запись команды в input - 0x02
2023-12-11 00:26:54 | INFO | Получен код ответа output - 0x00
2023-12-11 00:26:54 | INFO | Получен код ответа output - 0x00
2023-12-11 00:26:54 | INFO | Ответ эмулятора, перенаправляю 0x00
2023-12-11 00:26:54 | INFO | Ответ эмулятора, перенаправляю 0x00
2023-12-11 00:26:57 | INFO | Устройство получил запрос статуса
2023-12-11 00:26:57 | INFO | Устройство получил запрос статуса
2023-12-11 00:26:57 | INFO | Устройство отдает  статус 0x02 62
2023-12-11 00:26:57 | INFO | Устройство отдает  статус 0x02 62
2023-12-11 00:26:57 | ERROR | Ошибка получения данный в валидаторе ORM.convert_device_data_to_dto()
2023-12-11 00:26:57 | ERROR | Ошибка получения данный в валидаторе ORM.convert_device_data_to_dto()
2023-12-11 00:26:57 | INFO | Прошло 10сек, отправляю в main сервис данные - "{\"sender_name\":\"layer\",\"task_name\":\"device_status_timeout10\",\"device_name\":\"divice_1\",\"response_code\":\"0x02 62\"}"
2023-12-11 00:26:57 | INFO | Прошло 10сек, отправляю в main сервис данные - "{\"sender_name\":\"layer\",\"task_name\":\"device_status_timeout10\",\"device_name\":\"divice_1\",\"response_code\":\"0x02 62\"}"
2023-12-11 00:27:00 | INFO | Получена новая задача для эмулятора {'task_name': '0x03'}
2023-12-11 00:27:00 | INFO | Получена новая задача для эмулятора {'task_name': '0x03'}
2023-12-11 00:27:00 | INFO | Появилась задача для эмулятора, передаю 0x03
2023-12-11 00:27:00 | INFO | Появилась задача для эмулятора, передаю 0x03
2023-12-11 00:27:05 | INFO | Запись команды в input - 0x03
2023-12-11 00:27:05 | INFO | Запись команды в input - 0x03
2023-12-11 00:27:05 | INFO | Получен код ответа output - 0x00
2023-12-11 00:27:05 | INFO | Получен код ответа output - 0x00
2023-12-11 00:27:05 | INFO | Получены внештатный запрос состояния эмулятора
2023-12-11 00:27:05 | INFO | Получены внештатный запрос состояния эмулятора
2023-12-11 00:27:07 | INFO | Устройство получил запрос статуса
2023-12-11 00:27:07 | INFO | Устройство получил запрос статуса
2023-12-11 00:27:07 | INFO | Устройство отдает  статус 0x02 83
2023-12-11 00:27:07 | INFO | Устройство отдает  статус 0x02 83
2023-12-11 00:27:07 | INFO | Получен код ответа output - 0x02 157
2023-12-11 00:27:07 | INFO | Получен код ответа output - 0x02 157
2023-12-11 00:27:07 | INFO | Получены ответ "{\"sender_name\":\"layer\",\"task_name\":\"device_status_timeout10\",\"device_name\":\"divice_1\",\"response_code\":\"0x02 157\"}" на внештатный запрос состояния эмулятора
2023-12-11 00:27:07 | INFO | Получены ответ "{\"sender_name\":\"layer\",\"task_name\":\"device_status_timeout10\",\"device_name\":\"divice_1\",\"response_code\":\"0x02 157\"}" на внештатный запрос состояния эмулятора
2023-12-11 00:27:07 | INFO | Устройство получил запрос статуса
2023-12-11 00:27:07 | INFO | Устройство получил запрос статуса
2023-12-11 00:27:07 | INFO | Устройство отдает  статус 0x02 23
2023-12-11 00:27:07 | INFO | Устройство отдает  статус 0x02 23
2023-12-11 00:27:07 | INFO | Получены данные для web - "{\"id\":1,\"task_name\":\"for_web\",\"status\":\"0x02 157\",\"state\":\"off\",\"created_at\":\"2023-12-10T23:42:19.080277\",\"updated_at\":\"2023-12-11T00:27:07.129833\"}"
2023-12-11 00:27:07 | INFO | Получены данные для web - "{\"id\":1,\"task_name\":\"for_web\",\"status\":\"0x02 157\",\"state\":\"off\",\"created_at\":\"2023-12-10T23:42:19.080277\",\"updated_at\":\"2023-12-11T00:27:07.129833\"}"
2023-12-11 00:27:07 | INFO | Прошло 10сек, отправляю в main сервис данные - "{\"sender_name\":\"layer\",\"task_name\":\"device_status_timeout10\",\"device_name\":\"divice_1\",\"response_code\":\"0x02 23\"}"
2023-12-11 00:27:07 | INFO | Прошло 10сек, отправляю в main сервис данные - "{\"sender_name\":\"layer\",\"task_name\":\"device_status_timeout10\",\"device_name\":\"divice_1\",\"response_code\":\"0x02 23\"}"
2023-12-11 00:27:17 | INFO | Устройство получил запрос статуса
2023-12-11 00:27:17 | INFO | Устройство получил запрос статуса
2023-12-11 00:27:17 | INFO | Устройство отдает  статус 0x02 149
2023-12-11 00:27:17 | INFO | Устройство отдает  статус 0x02 149
2023-12-11 00:27:17 | INFO | Получены данные для web - "{\"id\":1,\"task_name\":\"for_web\",\"status\":\"0x02 23\",\"state\":\"off\",\"created_at\":\"2023-12-10T23:42:19.080277\",\"updated_at\":\"2023-12-11T00:27:07.648212\"}"
2023-12-11 00:27:17 | INFO | Получены данные для web - "{\"id\":1,\"task_name\":\"for_web\",\"status\":\"0x02 23\",\"state\":\"off\",\"created_at\":\"2023-12-10T23:42:19.080277\",\"updated_at\":\"2023-12-11T00:27:07.648212\"}"
2023-12-11 00:27:17 | INFO | Прошло 10сек, отправляю в main сервис данные - "{\"sender_name\":\"layer\",\"task_name\":\"device_status_timeout10\",\"device_name\":\"divice_1\",\"response_code\":\"0x02 149\"}"
2023-12-11 00:27:17 | INFO | Прошло 10сек, отправляю в main сервис данные - "{\"sender_name\":\"layer\",\"task_name\":\"device_status_timeout10\",\"device_name\":\"divice_1\",\"response_code\":\"0x02 149\"}"
2023-12-11 00:27:27 | INFO | Устройство получил запрос статуса
2023-12-11 00:27:27 | INFO | Устройство получил запрос статуса
2023-12-11 00:27:27 | INFO | Устройство отдает  статус 0x02 41
2023-12-11 00:27:27 | INFO | Устройство отдает  статус 0x02 41
2023-12-11 00:27:27 | INFO | Получены данные для web - "{\"id\":1,\"task_name\":\"for_web\",\"status\":\"0x02 149\",\"state\":\"off\",\"created_at\":\"2023-12-10T23:42:19.080277\",\"updated_at\":\"2023-12-11T00:27:17.651064\"}"
2023-12-11 00:27:27 | INFO | Получены данные для web - "{\"id\":1,\"task_name\":\"for_web\",\"status\":\"0x02 149\",\"state\":\"off\",\"created_at\":\"2023-12-10T23:42:19.080277\",\"updated_at\":\"2023-12-11T00:27:17.651064\"}"
2023-12-11 00:27:27 | INFO | Прошло 10сек, отправляю в main сервис данные - "{\"sender_name\":\"layer\",\"task_name\":\"device_status_timeout10\",\"device_name\":\"divice_1\",\"response_code\":\"0x02 41\"}"
2023-12-11 00:27:27 | INFO | Прошло 10сек, отправляю в main сервис данные - "{\"sender_name\":\"layer\",\"task_name\":\"device_status_timeout10\",\"device_name\":\"divice_1\",\"response_code\":\"0x02 41\"}"
2023-12-11 00:27:37 | INFO | Устройство получил запрос статуса
2023-12-11 00:27:37 | INFO | Устройство получил запрос статуса
2023-12-11 00:27:37 | INFO | Устройство отдает  статус 0x02 5
2023-12-11 00:27:37 | INFO | Устройство отдает  статус 0x02 5
2023-12-11 00:27:37 | INFO | Получены данные для web - "{\"id\":1,\"task_name\":\"for_web\",\"status\":\"0x02 41\",\"state\":\"off\",\"created_at\":\"2023-12-10T23:42:19.080277\",\"updated_at\":\"2023-12-11T00:27:27.653115\"}"
2023-12-11 00:27:37 | INFO | Получены данные для web - "{\"id\":1,\"task_name\":\"for_web\",\"status\":\"0x02 41\",\"state\":\"off\",\"created_at\":\"2023-12-10T23:42:19.080277\",\"updated_at\":\"2023-12-11T00:27:27.653115\"}"
2023-12-11 00:27:37 | INFO | Прошло 10сек, отправляю в main сервис данные - "{\"sender_name\":\"layer\",\"task_name\":\"device_status_timeout10\",\"device_name\":\"divice_1\",\"response_code\":\"0x02 5\"}"
2023-12-11 00:27:37 | INFO | Прошло 10сек, отправляю в main сервис данные - "{\"sender_name\":\"layer\",\"task_name\":\"device_status_timeout10\",\"device_name\":\"divice_1\",\"response_code\":\"0x02 5\"}"
2023-12-11 00:27:47 | INFO | Устройство получил запрос статуса
2023-12-11 00:27:47 | INFO | Устройство получил запрос статуса
2023-12-11 00:27:47 | INFO | Устройство отдает  статус 0x02 102
2023-12-11 00:27:47 | INFO | Устройство отдает  статус 0x02 102
2023-12-11 00:27:47 | INFO | Получены данные для web - "{\"id\":1,\"task_name\":\"for_web\",\"status\":\"0x02 5\",\"state\":\"off\",\"created_at\":\"2023-12-10T23:42:19.080277\",\"updated_at\":\"2023-12-11T00:27:37.655683\"}"
2023-12-11 00:27:47 | INFO | Получены данные для web - "{\"id\":1,\"task_name\":\"for_web\",\"status\":\"0x02 5\",\"state\":\"off\",\"created_at\":\"2023-12-10T23:42:19.080277\",\"updated_at\":\"2023-12-11T00:27:37.655683\"}"
2023-12-11 00:27:47 | INFO | Прошло 10сек, отправляю в main сервис данные - "{\"sender_name\":\"layer\",\"task_name\":\"device_status_timeout10\",\"device_name\":\"divice_1\",\"response_code\":\"0x02 102\"}"
2023-12-11 00:27:47 | INFO | Прошло 10сек, отправляю в main сервис данные - "{\"sender_name\":\"layer\",\"task_name\":\"device_status_timeout10\",\"device_name\":\"divice_1\",\"response_code\":\"0x02 102\"}"
2023-12-11 00:27:57 | INFO | Устройство получил запрос статуса
2023-12-11 00:27:57 | INFO | Устройство получил запрос статуса
2023-12-11 00:27:57 | INFO | Устройство отдает  статус 0x02 116
2023-12-11 00:27:57 | INFO | Устройство отдает  статус 0x02 116
2023-12-11 00:27:57 | INFO | Получены данные для web - "{\"id\":1,\"task_name\":\"for_web\",\"status\":\"0x02 102\",\"state\":\"off\",\"created_at\":\"2023-12-10T23:42:19.080277\",\"updated_at\":\"2023-12-11T00:27:47.657633\"}"
2023-12-11 00:27:57 | INFO | Получены данные для web - "{\"id\":1,\"task_name\":\"for_web\",\"status\":\"0x02 102\",\"state\":\"off\",\"created_at\":\"2023-12-10T23:42:19.080277\",\"updated_at\":\"2023-12-11T00:27:47.657633\"}"
2023-12-11 00:27:57 | INFO | Прошло 10сек, отправляю в main сервис данные - "{\"sender_name\":\"layer\",\"task_name\":\"device_status_timeout10\",\"device_name\":\"divice_1\",\"response_code\":\"0x02 116\"}"
2023-12-11 00:27:57 | INFO | Прошло 10сек, отправляю в main сервис данные - "{\"sender_name\":\"layer\",\"task_name\":\"device_status_timeout10\",\"device_name\":\"divice_1\",\"response_code\":\"0x02 116\"}"
2023-12-11 00:28:07 | INFO | Устройство получил запрос статуса
2023-12-11 00:28:07 | INFO | Устройство получил запрос статуса
2023-12-11 00:28:07 | INFO | Устройство отдает  статус 0x02 61
2023-12-11 00:28:07 | INFO | Устройство отдает  статус 0x02 61
2023-12-11 00:28:07 | INFO | Получены данные для web - "{\"id\":1,\"task_name\":\"for_web\",\"status\":\"0x02 116\",\"state\":\"off\",\"created_at\":\"2023-12-10T23:42:19.080277\",\"updated_at\":\"2023-12-11T00:27:57.659148\"}"
2023-12-11 00:28:07 | INFO | Получены данные для web - "{\"id\":1,\"task_name\":\"for_web\",\"status\":\"0x02 116\",\"state\":\"off\",\"created_at\":\"2023-12-10T23:42:19.080277\",\"updated_at\":\"2023-12-11T00:27:57.659148\"}"
2023-12-11 00:28:07 | INFO | Прошло 10сек, отправляю в main сервис данные - "{\"sender_name\":\"layer\",\"task_name\":\"device_status_timeout10\",\"device_name\":\"divice_1\",\"response_code\":\"0x02 61\"}"
2023-12-11 00:28:07 | INFO | Прошло 10сек, отправляю в main сервис данные - "{\"sender_name\":\"layer\",\"task_name\":\"device_status_timeout10\",\"device_name\":\"divice_1\",\"response_code\":\"0x02 61\"}"
2023-12-11 00:28:17 | INFO | Устройство получил запрос статуса
2023-12-11 00:28:17 | INFO | Устройство получил запрос статуса
2023-12-11 00:28:17 | INFO | Устройство отдает  статус 0x02 55
2023-12-11 00:28:17 | INFO | Устройство отдает  статус 0x02 55
2023-12-11 00:28:17 | INFO | Получены данные для web - "{\"id\":1,\"task_name\":\"for_web\",\"status\":\"0x02 61\",\"state\":\"off\",\"created_at\":\"2023-12-10T23:42:19.080277\",\"updated_at\":\"2023-12-11T00:28:07.660851\"}"
2023-12-11 00:28:17 | INFO | Получены данные для web - "{\"id\":1,\"task_name\":\"for_web\",\"status\":\"0x02 61\",\"state\":\"off\",\"created_at\":\"2023-12-10T23:42:19.080277\",\"updated_at\":\"2023-12-11T00:28:07.660851\"}"
2023-12-11 00:28:17 | INFO | Прошло 10сек, отправляю в main сервис данные - "{\"sender_name\":\"layer\",\"task_name\":\"device_status_timeout10\",\"device_name\":\"divice_1\",\"response_code\":\"0x02 55\"}"
2023-12-11 00:28:17 | INFO | Прошло 10сек, отправляю в main сервис данные - "{\"sender_name\":\"layer\",\"task_name\":\"device_status_timeout10\",\"device_name\":\"divice_1\",\"response_code\":\"0x02 55\"}"
2023-12-11 00:28:27 | INFO | Устройство получил запрос статуса
2023-12-11 00:28:27 | INFO | Устройство получил запрос статуса
2023-12-11 00:28:27 | INFO | Устройство отдает  статус 0x02 217
2023-12-11 00:28:27 | INFO | Устройство отдает  статус 0x02 217
2023-12-11 00:28:27 | INFO | Получены данные для web - "{\"id\":1,\"task_name\":\"for_web\",\"status\":\"0x02 55\",\"state\":\"off\",\"created_at\":\"2023-12-10T23:42:19.080277\",\"updated_at\":\"2023-12-11T00:28:17.662332\"}"
2023-12-11 00:28:27 | INFO | Получены данные для web - "{\"id\":1,\"task_name\":\"for_web\",\"status\":\"0x02 55\",\"state\":\"off\",\"created_at\":\"2023-12-10T23:42:19.080277\",\"updated_at\":\"2023-12-11T00:28:17.662332\"}"
2023-12-11 00:28:27 | INFO | Прошло 10сек, отправляю в main сервис данные - "{\"sender_name\":\"layer\",\"task_name\":\"device_status_timeout10\",\"device_name\":\"divice_1\",\"response_code\":\"0x02 217\"}"
2023-12-11 00:28:27 | INFO | Прошло 10сек, отправляю в main сервис данные - "{\"sender_name\":\"layer\",\"task_name\":\"device_status_timeout10\",\"device_name\":\"divice_1\",\"response_code\":\"0x02 217\"}"
2023-12-11 00:28:37 | INFO | Устройство получил запрос статуса
2023-12-11 00:28:37 | INFO | Устройство получил запрос статуса
2023-12-11 00:28:37 | INFO | Устройство отдает  статус 0x02 135
2023-12-11 00:28:37 | INFO | Устройство отдает  статус 0x02 135
2023-12-11 00:28:37 | INFO | Получены данные для web - "{\"id\":1,\"task_name\":\"for_web\",\"status\":\"0x02 217\",\"state\":\"off\",\"created_at\":\"2023-12-10T23:42:19.080277\",\"updated_at\":\"2023-12-11T00:28:27.663980\"}"
2023-12-11 00:28:37 | INFO | Получены данные для web - "{\"id\":1,\"task_name\":\"for_web\",\"status\":\"0x02 217\",\"state\":\"off\",\"created_at\":\"2023-12-10T23:42:19.080277\",\"updated_at\":\"2023-12-11T00:28:27.663980\"}"
2023-12-11 00:28:37 | INFO | Прошло 10сек, отправляю в main сервис данные - "{\"sender_name\":\"layer\",\"task_name\":\"device_status_timeout10\",\"device_name\":\"divice_1\",\"response_code\":\"0x02 135\"}"
2023-12-11 00:28:37 | INFO | Прошло 10сек, отправляю в main сервис данные - "{\"sender_name\":\"layer\",\"task_name\":\"device_status_timeout10\",\"device_name\":\"divice_1\",\"response_code\":\"0x02 135\"}"
2023-12-11 00:28:47 | INFO | Устройство получил запрос статуса
2023-12-11 00:28:47 | INFO | Устройство получил запрос статуса
2023-12-11 00:28:47 | INFO | Устройство отдает  статус 0x02 149
2023-12-11 00:28:47 | INFO | Устройство отдает  статус 0x02 149
2023-12-11 00:28:47 | INFO | Получены данные для web - "{\"id\":1,\"task_name\":\"for_web\",\"status\":\"0x02 135\",\"state\":\"off\",\"created_at\":\"2023-12-10T23:42:19.080277\",\"updated_at\":\"2023-12-11T00:28:37.665874\"}"
2023-12-11 00:28:47 | INFO | Получены данные для web - "{\"id\":1,\"task_name\":\"for_web\",\"status\":\"0x02 135\",\"state\":\"off\",\"created_at\":\"2023-12-10T23:42:19.080277\",\"updated_at\":\"2023-12-11T00:28:37.665874\"}"
2023-12-11 00:28:47 | INFO | Прошло 10сек, отправляю в main сервис данные - "{\"sender_name\":\"layer\",\"task_name\":\"device_status_timeout10\",\"device_name\":\"divice_1\",\"response_code\":\"0x02 149\"}"
2023-12-11 00:28:47 | INFO | Прошло 10сек, отправляю в main сервис данные - "{\"sender_name\":\"layer\",\"task_name\":\"device_status_timeout10\",\"device_name\":\"divice_1\",\"response_code\":\"0x02 149\"}"
2023-12-11 00:28:57 | INFO | Устройство получил запрос статуса
2023-12-11 00:28:57 | INFO | Устройство получил запрос статуса
2023-12-11 00:28:57 | INFO | Устройство отдает  статус 0x02 191
2023-12-11 00:28:57 | INFO | Устройство отдает  статус 0x02 191
2023-12-11 00:28:57 | INFO | Получены данные для web - "{\"id\":1,\"task_name\":\"for_web\",\"status\":\"0x02 149\",\"state\":\"off\",\"created_at\":\"2023-12-10T23:42:19.080277\",\"updated_at\":\"2023-12-11T00:28:47.667468\"}"
2023-12-11 00:28:57 | INFO | Получены данные для web - "{\"id\":1,\"task_name\":\"for_web\",\"status\":\"0x02 149\",\"state\":\"off\",\"created_at\":\"2023-12-10T23:42:19.080277\",\"updated_at\":\"2023-12-11T00:28:47.667468\"}"
2023-12-11 00:28:57 | INFO | Прошло 10сек, отправляю в main сервис данные - "{\"sender_name\":\"layer\",\"task_name\":\"device_status_timeout10\",\"device_name\":\"divice_1\",\"response_code\":\"0x02 191\"}"
2023-12-11 00:28:57 | INFO | Прошло 10сек, отправляю в main сервис данные - "{\"sender_name\":\"layer\",\"task_name\":\"device_status_timeout10\",\"device_name\":\"divice_1\",\"response_code\":\"0x02 191\"}"
2023-12-11 00:29:07 | INFO | Устройство получил запрос статуса
2023-12-11 00:29:07 | INFO | Устройство получил запрос статуса
2023-12-11 00:29:07 | INFO | Устройство отдает  статус 0x02 82
2023-12-11 00:29:07 | INFO | Устройство отдает  статус 0x02 82
2023-12-11 00:29:07 | INFO | Получены данные для web - "{\"id\":1,\"task_name\":\"for_web\",\"status\":\"0x02 191\",\"state\":\"off\",\"created_at\":\"2023-12-10T23:42:19.080277\",\"updated_at\":\"2023-12-11T00:28:57.669025\"}"
2023-12-11 00:29:07 | INFO | Получены данные для web - "{\"id\":1,\"task_name\":\"for_web\",\"status\":\"0x02 191\",\"state\":\"off\",\"created_at\":\"2023-12-10T23:42:19.080277\",\"updated_at\":\"2023-12-11T00:28:57.669025\"}"
2023-12-11 00:29:07 | INFO | Прошло 10сек, отправляю в main сервис данные - "{\"sender_name\":\"layer\",\"task_name\":\"device_status_timeout10\",\"device_name\":\"divice_1\",\"response_code\":\"0x02 82\"}"
2023-12-11 00:29:07 | INFO | Прошло 10сек, отправляю в main сервис данные - "{\"sender_name\":\"layer\",\"task_name\":\"device_status_timeout10\",\"device_name\":\"divice_1\",\"response_code\":\"0x02 82\"}"
2023-12-11 00:29:17 | INFO | Устройство получил запрос статуса
2023-12-11 00:29:17 | INFO | Устройство получил запрос статуса
2023-12-11 00:29:17 | INFO | Устройство отдает  статус 0x02 7
2023-12-11 00:29:17 | INFO | Устройство отдает  статус 0x02 7
2023-12-11 00:29:17 | INFO | Получены данные для web - "{\"id\":1,\"task_name\":\"for_web\",\"status\":\"0x02 82\",\"state\":\"off\",\"created_at\":\"2023-12-10T23:42:19.080277\",\"updated_at\":\"2023-12-11T00:29:07.670736\"}"
2023-12-11 00:29:17 | INFO | Получены данные для web - "{\"id\":1,\"task_name\":\"for_web\",\"status\":\"0x02 82\",\"state\":\"off\",\"created_at\":\"2023-12-10T23:42:19.080277\",\"updated_at\":\"2023-12-11T00:29:07.670736\"}"
2023-12-11 00:29:17 | INFO | Прошло 10сек, отправляю в main сервис данные - "{\"sender_name\":\"layer\",\"task_name\":\"device_status_timeout10\",\"device_name\":\"divice_1\",\"response_code\":\"0x02 7\"}"
2023-12-11 00:29:17 | INFO | Прошло 10сек, отправляю в main сервис данные - "{\"sender_name\":\"layer\",\"task_name\":\"device_status_timeout10\",\"device_name\":\"divice_1\",\"response_code\":\"0x02 7\"}"
2023-12-11 00:29:27 | INFO | Устройство получил запрос статуса
2023-12-11 00:29:27 | INFO | Устройство получил запрос статуса
2023-12-11 00:29:27 | INFO | Устройство отдает  статус 0x02 27
2023-12-11 00:29:27 | INFO | Устройство отдает  статус 0x02 27
2023-12-11 00:29:27 | INFO | Получены данные для web - "{\"id\":1,\"task_name\":\"for_web\",\"status\":\"0x02 7\",\"state\":\"off\",\"created_at\":\"2023-12-10T23:42:19.080277\",\"updated_at\":\"2023-12-11T00:29:17.672168\"}"
2023-12-11 00:29:27 | INFO | Получены данные для web - "{\"id\":1,\"task_name\":\"for_web\",\"status\":\"0x02 7\",\"state\":\"off\",\"created_at\":\"2023-12-10T23:42:19.080277\",\"updated_at\":\"2023-12-11T00:29:17.672168\"}"
2023-12-11 00:29:27 | INFO | Прошло 10сек, отправляю в main сервис данные - "{\"sender_name\":\"layer\",\"task_name\":\"device_status_timeout10\",\"device_name\":\"divice_1\",\"response_code\":\"0x02 27\"}"
2023-12-11 00:29:27 | INFO | Прошло 10сек, отправляю в main сервис данные - "{\"sender_name\":\"layer\",\"task_name\":\"device_status_timeout10\",\"device_name\":\"divice_1\",\"response_code\":\"0x02 27\"}"
2023-12-11 00:29:37 | INFO | Устройство получил запрос статуса
2023-12-11 00:29:37 | INFO | Устройство получил запрос статуса
2023-12-11 00:29:37 | INFO | Устройство отдает  статус 0x02 22
2023-12-11 00:29:37 | INFO | Устройство отдает  статус 0x02 22
2023-12-11 00:29:37 | INFO | Получены данные для web - "{\"id\":1,\"task_name\":\"for_web\",\"status\":\"0x02 27\",\"state\":\"off\",\"created_at\":\"2023-12-10T23:42:19.080277\",\"updated_at\":\"2023-12-11T00:29:27.674206\"}"
2023-12-11 00:29:37 | INFO | Получены данные для web - "{\"id\":1,\"task_name\":\"for_web\",\"status\":\"0x02 27\",\"state\":\"off\",\"created_at\":\"2023-12-10T23:42:19.080277\",\"updated_at\":\"2023-12-11T00:29:27.674206\"}"
2023-12-11 00:29:37 | INFO | Прошло 10сек, отправляю в main сервис данные - "{\"sender_name\":\"layer\",\"task_name\":\"device_status_timeout10\",\"device_name\":\"divice_1\",\"response_code\":\"0x02 22\"}"
2023-12-11 00:29:37 | INFO | Прошло 10сек, отправляю в main сервис данные - "{\"sender_name\":\"layer\",\"task_name\":\"device_status_timeout10\",\"device_name\":\"divice_1\",\"response_code\":\"0x02 22\"}"
2023-12-11 00:29:47 | INFO | Устройство получил запрос статуса
2023-12-11 00:29:47 | INFO | Устройство получил запрос статуса
2023-12-11 00:29:47 | INFO | Устройство отдает  статус 0x02 235
2023-12-11 00:29:47 | INFO | Устройство отдает  статус 0x02 235
2023-12-11 00:29:47 | INFO | Получены данные для web - "{\"id\":1,\"task_name\":\"for_web\",\"status\":\"0x02 22\",\"state\":\"off\",\"created_at\":\"2023-12-10T23:42:19.080277\",\"updated_at\":\"2023-12-11T00:29:37.675756\"}"
2023-12-11 00:29:47 | INFO | Получены данные для web - "{\"id\":1,\"task_name\":\"for_web\",\"status\":\"0x02 22\",\"state\":\"off\",\"created_at\":\"2023-12-10T23:42:19.080277\",\"updated_at\":\"2023-12-11T00:29:37.675756\"}"
2023-12-11 00:29:47 | INFO | Прошло 10сек, отправляю в main сервис данные - "{\"sender_name\":\"layer\",\"task_name\":\"device_status_timeout10\",\"device_name\":\"divice_1\",\"response_code\":\"0x02 235\"}"
2023-12-11 00:29:47 | INFO | Прошло 10сек, отправляю в main сервис данные - "{\"sender_name\":\"layer\",\"task_name\":\"device_status_timeout10\",\"device_name\":\"divice_1\",\"response_code\":\"0x02 235\"}"
2023-12-11 00:29:57 | INFO | Устройство получил запрос статуса
2023-12-11 00:29:57 | INFO | Устройство получил запрос статуса
2023-12-11 00:29:57 | INFO | Устройство отдает  статус 0x02 85
2023-12-11 00:29:57 | INFO | Устройство отдает  статус 0x02 85
2023-12-11 00:29:57 | INFO | Получены данные для web - "{\"id\":1,\"task_name\":\"for_web\",\"status\":\"0x02 235\",\"state\":\"off\",\"created_at\":\"2023-12-10T23:42:19.080277\",\"updated_at\":\"2023-12-11T00:29:47.677276\"}"
2023-12-11 00:29:57 | INFO | Получены данные для web - "{\"id\":1,\"task_name\":\"for_web\",\"status\":\"0x02 235\",\"state\":\"off\",\"created_at\":\"2023-12-10T23:42:19.080277\",\"updated_at\":\"2023-12-11T00:29:47.677276\"}"
2023-12-11 00:29:57 | INFO | Прошло 10сек, отправляю в main сервис данные - "{\"sender_name\":\"layer\",\"task_name\":\"device_status_timeout10\",\"device_name\":\"divice_1\",\"response_code\":\"0x02 85\"}"
2023-12-11 00:29:57 | INFO | Прошло 10сек, отправляю в main сервис данные - "{\"sender_name\":\"layer\",\"task_name\":\"device_status_timeout10\",\"device_name\":\"divice_1\",\"response_code\":\"0x02 85\"}"
2023-12-11 00:30:07 | INFO | Устройство получил запрос статуса
2023-12-11 00:30:07 | INFO | Устройство получил запрос статуса
2023-12-11 00:30:07 | INFO | Устройство отдает  статус 0x02 85
2023-12-11 00:30:07 | INFO | Устройство отдает  статус 0x02 85
2023-12-11 00:30:07 | INFO | Получены данные для web - "{\"id\":1,\"task_name\":\"for_web\",\"status\":\"0x02 85\",\"state\":\"off\",\"created_at\":\"2023-12-10T23:42:19.080277\",\"updated_at\":\"2023-12-11T00:29:57.678862\"}"
2023-12-11 00:30:07 | INFO | Получены данные для web - "{\"id\":1,\"task_name\":\"for_web\",\"status\":\"0x02 85\",\"state\":\"off\",\"created_at\":\"2023-12-10T23:42:19.080277\",\"updated_at\":\"2023-12-11T00:29:57.678862\"}"
2023-12-11 00:30:07 | INFO | Прошло 10сек, отправляю в main сервис данные - "{\"sender_name\":\"layer\",\"task_name\":\"device_status_timeout10\",\"device_name\":\"divice_1\",\"response_code\":\"0x02 85\"}"
2023-12-11 00:30:07 | INFO | Прошло 10сек, отправляю в main сервис данные - "{\"sender_name\":\"layer\",\"task_name\":\"device_status_timeout10\",\"device_name\":\"divice_1\",\"response_code\":\"0x02 85\"}"
2023-12-11 00:30:17 | INFO | Устройство получил запрос статуса
2023-12-11 00:30:17 | INFO | Устройство получил запрос статуса
2023-12-11 00:30:17 | INFO | Устройство отдает  статус 0x02 150
2023-12-11 00:30:17 | INFO | Устройство отдает  статус 0x02 150
2023-12-11 00:30:17 | INFO | Получены данные для web - "{\"id\":1,\"task_name\":\"for_web\",\"status\":\"0x02 85\",\"state\":\"off\",\"created_at\":\"2023-12-10T23:42:19.080277\",\"updated_at\":\"2023-12-11T00:29:57.678862\"}"
2023-12-11 00:30:17 | INFO | Получены данные для web - "{\"id\":1,\"task_name\":\"for_web\",\"status\":\"0x02 85\",\"state\":\"off\",\"created_at\":\"2023-12-10T23:42:19.080277\",\"updated_at\":\"2023-12-11T00:29:57.678862\"}"
2023-12-11 00:30:17 | INFO | Прошло 10сек, отправляю в main сервис данные - "{\"sender_name\":\"layer\",\"task_name\":\"device_status_timeout10\",\"device_name\":\"divice_1\",\"response_code\":\"0x02 150\"}"
2023-12-11 00:30:17 | INFO | Прошло 10сек, отправляю в main сервис данные - "{\"sender_name\":\"layer\",\"task_name\":\"device_status_timeout10\",\"device_name\":\"divice_1\",\"response_code\":\"0x02 150\"}"
2023-12-11 00:30:27 | INFO | Устройство получил запрос статуса
2023-12-11 00:30:27 | INFO | Устройство получил запрос статуса
2023-12-11 00:30:27 | INFO | Устройство отдает  статус 0x02 110
2023-12-11 00:30:27 | INFO | Устройство отдает  статус 0x02 110
2023-12-11 00:30:27 | INFO | Получены данные для web - "{\"id\":1,\"task_name\":\"for_web\",\"status\":\"0x02 150\",\"state\":\"off\",\"created_at\":\"2023-12-10T23:42:19.080277\",\"updated_at\":\"2023-12-11T00:30:17.681977\"}"
2023-12-11 00:30:27 | INFO | Получены данные для web - "{\"id\":1,\"task_name\":\"for_web\",\"status\":\"0x02 150\",\"state\":\"off\",\"created_at\":\"2023-12-10T23:42:19.080277\",\"updated_at\":\"2023-12-11T00:30:17.681977\"}"
2023-12-11 00:30:27 | INFO | Прошло 10сек, отправляю в main сервис данные - "{\"sender_name\":\"layer\",\"task_name\":\"device_status_timeout10\",\"device_name\":\"divice_1\",\"response_code\":\"0x02 110\"}"
2023-12-11 00:30:27 | INFO | Прошло 10сек, отправляю в main сервис данные - "{\"sender_name\":\"layer\",\"task_name\":\"device_status_timeout10\",\"device_name\":\"divice_1\",\"response_code\":\"0x02 110\"}"
